<?xml version="1.0" encoding="UTF-8"?>
<!-- Generated by org.testng.reporters.JUnitXMLReporter -->
<testsuite hostname="DESKTOP-O1MTOUR" failures="0" tests="3" name="Test" time="35.951" errors="0" timestamp="9 Apr 2024 08:14:47 GMT">
  <testcase classname="tests.testAddNewTask" name="test_AddNewTask" time="28.088"/>
  <testcase classname="tests.testTaskAddedToRightCategory" name="test_TaskAddedToRightCategory" time="3.355"/>
  <testcase classname="tests.TestDeleteTask" name="test_DeleteTask" time="3.359"/>
</testsuite> <!-- Test -->
